<?xml version="1.0" encoding="UTF-8"?>
<!-- Generated by org.testng.reporters.JUnitReportReporter -->
<testsuite hostname="LAPTOP-F8FEIEU7" failures="0" tests="1" name="com.crm.autodesk.org.CreateOrgTestWithIndAndType" time="13.002" errors="0" timestamp="2021-12-31T10:22:01 IST" skipped="0">
  <testcase classname="com.crm.autodesk.org.CreateOrgTestWithIndAndType" name="CreateOrgWithind" time="13.002"/>
  <system-out/>
</testsuite> <!-- com.crm.autodesk.org.CreateOrgTestWithIndAndType -->
