<?xml version="1.0" encoding="UTF-8"?>
<!-- Generated by org.testng.reporters.JUnitReportReporter -->
<testsuite hostname="LAPTOP-F8FEIEU7" failures="0" tests="1" name="com.crm.autodesk.org.CreateOrganizationTest" time="12.953" errors="0" timestamp="2021-12-31T10:22:01 IST" skipped="0">
  <testcase classname="com.crm.autodesk.org.CreateOrganizationTest" name="createOrgTest" time="12.953"/>
  <system-out/>
</testsuite> <!-- com.crm.autodesk.org.CreateOrganizationTest -->
