<?xml version="1.0" encoding="UTF-8"?>
<!-- Generated by org.testng.reporters.JUnitReportReporter -->
<testsuite hostname="LAPTOP-F8FEIEU7" failures="0" tests="1" name="PracticeTest.PortalUserBoxIsEnbaleOrNot" time="55.291" errors="0" timestamp="2021-12-28T10:37:10 IST" skipped="0">
  <testcase classname="PracticeTest.PortalUserBoxIsEnbaleOrNot" name="PortalUserBoxTest" time="55.291"/>
  <system-out/>
</testsuite> <!-- PracticeTest.PortalUserBoxIsEnbaleOrNot -->
