<?xml version="1.0" encoding="UTF-8"?>
<!-- Generated by org.testng.reporters.JUnitReportReporter -->
<testsuite hostname="LAPTOP-F8FEIEU7" failures="0" tests="1" name="com.crm.autodesk.contact.NotifyOwnerBoxISEnableOrNot" time="30.510" errors="0" timestamp="2021-12-31T23:39:32 IST" skipped="0">
  <testcase classname="com.crm.autodesk.contact.NotifyOwnerBoxISEnableOrNot" name="NotifyOwner" time="30.510"/>
  <system-out/>
</testsuite> <!-- com.crm.autodesk.contact.NotifyOwnerBoxISEnableOrNot -->
