<?xml version="1.0" encoding="UTF-8"?>
<!-- Generated by org.testng.reporters.JUnitReportReporter -->
<testsuite hostname="LAPTOP-F8FEIEU7" failures="0" tests="1" name="PracticeTest.CreateOrgTestWithIndAndType" time="13.591" errors="0" timestamp="2021-12-31T10:20:02 IST" skipped="0">
  <testcase classname="PracticeTest.CreateOrgTestWithIndAndType" name="CreateOrgWithind" time="13.591"/>
  <system-out/>
</testsuite> <!-- PracticeTest.CreateOrgTestWithIndAndType -->
